<?xml version="1.0" encoding="UTF-8"?>
<!-- Generated by org.testng.reporters.JUnitReportReporter -->
<testsuite skipped="0" hostname="HOMEPC" name="testing.TestNGClassA" tests="1" failures="0" timestamp="2020-03-12T20:19:16 IST" time="0.028" errors="0">
  <testcase name="displayMsg" time="0.028" classname="testing.TestNGClassA"/>
  <system-out/>
</testsuite> <!-- testing.TestNGClassA -->
