<?xml version="1.0" encoding="UTF-8"?>
<!-- Generated by org.testng.reporters.JUnitReportReporter -->
<testsuite skipped="0" hostname="HOMEPC" name="testing.pkg6testab12.Class7" tests="1" failures="0" timestamp="2020-11-29T12:16:05 IST" time="0.016" errors="0">
  <testcase name="tm7" time="0.016" classname="testing.pkg6testab12.Class7"/>
  <system-out/>
</testsuite> <!-- testing.pkg6testab12.Class7 -->
