<?xml version="1.0" encoding="UTF-8"?>
<!-- Generated by org.testng.reporters.JUnitReportReporter -->
<testsuite skipped="0" hostname="HOMEPC" name="testing.testing123.pkg4.Class4" tests="1" failures="0" timestamp="2020-11-29T12:16:05 IST" time="0.000" errors="0">
  <testcase name="tm4" time="0.000" classname="testing.testing123.pkg4.Class4"/>
  <system-out/>
</testsuite> <!-- testing.testing123.pkg4.Class4 -->
