<?xml version="1.0" encoding="UTF-8"?>
<!-- Generated by org.testng.reporters.JUnitReportReporter -->
<testsuite skipped="0" hostname="HOMEPC" name="testing.pkg1.pkg2.Class2" tests="1" failures="0" timestamp="2020-11-29T00:36:29 IST" time="0.000" errors="0">
  <testcase name="tm2" time="0.000" classname="testing.pkg1.pkg2.Class2"/>
  <system-out/>
</testsuite> <!-- testing.pkg1.pkg2.Class2 -->
