<?xml version="1.0" encoding="UTF-8"?>
<!-- Generated by org.testng.reporters.JUnitReportReporter -->
<testsuite skipped="0" hostname="HOMEPC" name="testing.tes.Class6" tests="1" failures="0" timestamp="2020-11-29T12:16:05 IST" time="0.000" errors="0">
  <testcase name="tm6" time="0.000" classname="testing.tes.Class6"/>
  <system-out/>
</testsuite> <!-- testing.tes.Class6 -->
