<?xml version="1.0" encoding="UTF-8"?>
<!-- Generated by org.testng.reporters.JUnitReportReporter -->
<testsuite skipped="0" hostname="HOMEPC" name="testing.pkg5.Class5" tests="1" failures="0" timestamp="2020-11-29T00:36:29 IST" time="0.000" errors="0">
  <testcase name="tm5" time="0.000" classname="testing.pkg5.Class5"/>
  <system-out/>
</testsuite> <!-- testing.pkg5.Class5 -->
