<?xml version="1.0" encoding="UTF-8"?>
<!-- Generated by org.testng.reporters.JUnitReportReporter -->
<testsuite skipped="0" hostname="HOMEPC" name="testing.abcd.santest123.Class8" tests="1" failures="0" timestamp="2020-11-29T12:16:05 IST" time="0.015" errors="0">
  <testcase name="tm8" time="0.015" classname="testing.abcd.santest123.Class8"/>
  <system-out/>
</testsuite> <!-- testing.abcd.santest123.Class8 -->
