<?xml version="1.0" encoding="UTF-8"?>
<!-- Generated by org.testng.reporters.JUnitReportReporter -->
<testsuite skipped="0" hostname="HOMEPC" name="testing.TC_001" tests="3" failures="0" timestamp="2020-11-29T00:36:29 IST" time="0.031" errors="0">
  <testcase name="tCase1" time="0.016" classname="testing.TC_001"/>
  <system-out/>
  <testcase name="tCase2" time="0.000" classname="testing.TC_001"/>
  <system-out/>
  <testcase name="tCase3" time="0.015" classname="testing.TC_001"/>
  <system-out/>
</testsuite> <!-- testing.TC_001 -->
