<?xml version="1.0" encoding="UTF-8"?>
<!-- Generated by org.testng.reporters.JUnitReportReporter -->
<testsuite skipped="0" hostname="HOMEPC" name="testing.TC_002" tests="4" failures="0" timestamp="2020-11-29T00:36:29 IST" time="0.032" errors="0">
  <testcase name="verifyData" time="0.016" classname="testing.TC_002"/>
  <system-out/>
  <testcase name="verifyData" time="0.000" classname="testing.TC_002"/>
  <system-out/>
  <testcase name="tCase4" time="0.000" classname="testing.TC_002"/>
  <system-out/>
  <testcase name="tCase5" time="0.016" classname="testing.TC_002"/>
  <system-out/>
</testsuite> <!-- testing.TC_002 -->
