<?xml version="1.0" encoding="UTF-8"?>
<!-- Generated by org.testng.reporters.JUnitReportReporter -->
<testsuite skipped="0" hostname="HOMEPC" name="testing.test.Class6" tests="1" failures="0" timestamp="2020-11-29T00:23:56 IST" time="0.015" errors="0">
  <testcase name="tm6" time="0.015" classname="testing.test.Class6"/>
  <system-out/>
</testsuite> <!-- testing.test.Class6 -->
